<?xml version="1.0" encoding="UTF-8"?>
<!-- Generated by org.testng.reporters.JUnitReportReporter -->
<testsuite hostname="BDC3-LX-9XKZD63" failures="0" tests="1" name="Varun.ExtentReports.ExtentReportDemo" time="7.668" errors="0" timestamp="2022-11-15T13:42:12 IST" skipped="0">
  <testcase classname="Varun.ExtentReports.ExtentReportDemo" name="initialDemo" time="7.668"/>
  <system-out/>
</testsuite> <!-- Varun.ExtentReports.ExtentReportDemo -->
